<?xml version="1.0" encoding="UTF-8"?>
<!-- Generated by org.testng.reporters.JUnitXMLReporter -->
<testsuite hostname="LAPTOP-F9EC64LI" ignored="2" name="Default test" tests="1" failures="0" timestamp="2021-07-06T18:05:21 CST" time="9.062" errors="0">
  <testcase name="ScrollingtoFooter" time="0.108" classname="code.tests.SearchingAndValidating"/>
  <testcase name="SearchInvalidItem" time="0.0" classname="code.tests.SearchingAndValidating">
    <ignored/>
  </testcase> <!-- SearchInvalidItem -->
  <testcase name="SearchItems" time="0.0" classname="code.tests.SearchingAndValidating">
    <ignored/>
  </testcase> <!-- SearchItems -->
</testsuite> <!-- Default test -->
