<?xml version="1.0" encoding="UTF-8"?>
<!-- Generated by org.testng.reporters.JUnitXMLReporter -->
<testsuite hostname="LAPTOP-F9EC64LI" ignored="0" name="Default test" tests="3" failures="0" timestamp="2021-07-21T23:51:50 CST" time="16.4" errors="0">
  <testcase name="ScrollingtoFooter" time="2.275" classname="code.tests.SearchingAndValidating"/>
  <testcase name="SearchInvalidItem" time="3.804" classname="code.tests.SearchingAndValidating"/>
  <testcase name="SearchItems" time="3.111" classname="code.tests.SearchingAndValidating"/>
</testsuite> <!-- Default test -->
