<?xml version="1.0" encoding="UTF-8"?>
<testng-results skipped="0" failed="0" ignored="0" total="3" passed="3">
  <reporter-output>
  </reporter-output>
  <suite name="Default suite" duration-ms="16400" started-at="2021-07-21T23:51:34 CST" finished-at="2021-07-21T23:51:50 CST">
    <groups>
    </groups>
    <test name="Default test" duration-ms="16400" started-at="2021-07-21T23:51:34 CST" finished-at="2021-07-21T23:51:50 CST">
      <class name="code.tests.SearchingAndValidating">
        <test-method status="PASS" signature="setUp()[pri:0, instance:code.tests.SearchingAndValidating@10a035a0]" name="setUp" is-config="true" duration-ms="4450" started-at="2021-07-21T23:51:34 CST" finished-at="2021-07-21T23:51:38 CST">
          <reporter-output>
          </reporter-output>
        </test-method> <!-- setUp -->
        <test-method status="PASS" signature="ScrollingtoFooter()[pri:0, instance:code.tests.SearchingAndValidating@10a035a0]" name="ScrollingtoFooter" duration-ms="2275" started-at="2021-07-21T23:51:38 CST" finished-at="2021-07-21T23:51:40 CST">
          <reporter-output>
          </reporter-output>
        </test-method> <!-- ScrollingtoFooter -->
        <test-method status="PASS" signature="SearchInvalidItem()[pri:0, instance:code.tests.SearchingAndValidating@10a035a0]" name="SearchInvalidItem" duration-ms="3804" started-at="2021-07-21T23:51:40 CST" finished-at="2021-07-21T23:51:44 CST">
          <reporter-output>
          </reporter-output>
        </test-method> <!-- SearchInvalidItem -->
        <test-method status="PASS" signature="SearchItems()[pri:0, instance:code.tests.SearchingAndValidating@10a035a0]" name="SearchItems" duration-ms="3111" started-at="2021-07-21T23:51:44 CST" finished-at="2021-07-21T23:51:47 CST">
          <reporter-output>
          </reporter-output>
        </test-method> <!-- SearchItems -->
        <test-method status="PASS" signature="closingBrowser()[pri:0, instance:code.tests.SearchingAndValidating@10a035a0]" name="closingBrowser" is-config="true" duration-ms="2697" started-at="2021-07-21T23:51:47 CST" finished-at="2021-07-21T23:51:50 CST">
          <reporter-output>
          </reporter-output>
        </test-method> <!-- closingBrowser -->
      </class> <!-- code.tests.SearchingAndValidating -->
    </test> <!-- Default test -->
  </suite> <!-- Default suite -->
</testng-results>
