<?xml version="1.0" encoding="UTF-8"?>
<testng-results skipped="0" failed="0" ignored="0" total="2" passed="2">
  <reporter-output>
  </reporter-output>
  <suite name="Default suite" duration-ms="5996" started-at="2021-07-29T20:50:42 CST" finished-at="2021-07-29T20:50:48 CST">
    <groups>
    </groups>
    <test name="Default test" duration-ms="5996" started-at="2021-07-29T20:50:42 CST" finished-at="2021-07-29T20:50:48 CST">
      <class name="api.test.GetInfoCharacters">
        <test-method status="PASS" signature="getInfoChars()[pri:0, instance:api.test.GetInfoCharacters@8e24743]" name="getInfoChars" duration-ms="3672" started-at="2021-07-29T20:50:42 CST" finished-at="2021-07-29T20:50:46 CST">
          <reporter-output>
          </reporter-output>
        </test-method> <!-- getInfoChars -->
        <test-method status="PASS" signature="getWWBirthday()[pri:0, instance:api.test.GetInfoCharacters@8e24743]" name="getWWBirthday" duration-ms="2276" started-at="2021-07-29T20:50:46 CST" finished-at="2021-07-29T20:50:48 CST">
          <reporter-output>
          </reporter-output>
        </test-method> <!-- getWWBirthday -->
      </class> <!-- api.test.GetInfoCharacters -->
    </test> <!-- Default test -->
  </suite> <!-- Default suite -->
</testng-results>
